#
# There is insufficient memory for the Java Runtime Environment to continue.
# Native memory allocation (malloc) failed to allocate 1496656 bytes for Chunk::new
# Possible reasons:
#   The system is out of physical RAM or swap space
#   In 32 bit mode, the process size limit was hit
# Possible solutions:
#   Reduce memory load on the system
#   Increase physical memory or swap space
#   Check if swap backing store is full
#   Use 64 bit Java on a 64 bit OS
#   Decrease Java heap size (-Xmx/-Xms)
#   Decrease number of Java threads
#   Decrease Java thread stack sizes (-Xss)
#   Set larger code cache with -XX:ReservedCodeCacheSize=
# This output file may be truncated or incomplete.
#
#  Out of Memory Error (allocation.cpp:390), pid=30372, tid=0x0000000000007644
#
# JRE version: OpenJDK Runtime Environment (8.0_112-b06) (build 1.8.0_112-release-b06)
# Java VM: OpenJDK 64-Bit Server VM (25.112-b06 mixed mode windows-amd64 compressed oops)
# Failed to write core dump. Minidumps are not enabled by default on client versions of Windows
#

---------------  T H R E A D  ---------------

Current thread (0x00000000186a0800):  JavaThread "C2 CompilerThread1" daemon [_thread_in_native, id=30276, stack(0x0000000019e10000,0x0000000019f10000)]

Stack: [0x0000000019e10000,0x0000000019f10000]
[error occurred during error reporting (printing stack bounds), id 0xc0000005]

Native frames: (J=compiled Java code, j=interpreted, Vv=VM code, C=native code)


Current CompileTask:
C2:2758499 15656       4       com.android.utils.PositionXmlParser::getPositionHelper (757 bytes)


---------------  P R O C E S S  ---------------

Java Threads: ( => current thread )
  0x000000001e116800 JavaThread "Forward streams with process: command 'C:\Users\Ilshat\AppData\Local\Android\Sdk\build-tools\26.0.0\aapt.exe' Thread 3" [_thread_in_native, id=928, stack(0x00000000325f0000,0x00000000326f0000)]
  0x000000001e11c000 JavaThread "Forward streams with process: command 'C:\Users\Ilshat\AppData\Local\Android\Sdk\build-tools\26.0.0\aapt.exe' Thread 2" [_thread_in_native, id=9024, stack(0x00000000324f0000,0x00000000325f0000)]
  0x000000001e119800 JavaThread "Forward streams with process: command 'C:\Users\Ilshat\AppData\Local\Android\Sdk\build-tools\26.0.0\aapt.exe'" [_thread_blocked, id=10992, stack(0x00000000323f0000,0x00000000324f0000)]
  0x000000001e119000 JavaThread "Run command 'C:\Users\Ilshat\AppData\Local\Android\Sdk\build-tools\26.0.0\aapt.exe'" [_thread_in_native, id=9240, stack(0x00000000321f0000,0x00000000322f0000)]
  0x000000001e11d800 JavaThread "Thread-105" [_thread_blocked, id=10336, stack(0x00000000320f0000,0x00000000321f0000)]
  0x000000001e11c800 JavaThread "Cache update executor" [_thread_blocked, id=5444, stack(0x0000000031ff0000,0x00000000320f0000)]
  0x000000001d68f000 JavaThread "Stdin handler" [_thread_blocked, id=29652, stack(0x0000000031ef0000,0x0000000031ff0000)]
  0x000000001d68e800 JavaThread "Asynchronous log dispatcher for DefaultDaemonConnection: socket connection from /127.0.0.1:55908 to /127.0.0.1:56868" [_thread_blocked, id=31880, stack(0x0000000031df0000,0x0000000031ef0000)]
  0x000000001d68a800 JavaThread "Daemon worker Thread 3" [_thread_blocked, id=27376, stack(0x0000000031cf0000,0x0000000031df0000)]
  0x000000001d68d800 JavaThread "Cancel handler" [_thread_blocked, id=31336, stack(0x0000000031bf0000,0x0000000031cf0000)]
  0x000000001d68d000 JavaThread "Handler for socket connection from /127.0.0.1:55908 to /127.0.0.1:56868" [_thread_in_native, id=32552, stack(0x0000000031af0000,0x0000000031bf0000)]
  0x000000001d68b800 JavaThread "Daemon Thread 3" [_thread_blocked, id=31288, stack(0x00000000319f0000,0x0000000031af0000)]
  0x000000001d689000 JavaThread "pool-11-thread-4" [_thread_blocked, id=31876, stack(0x0000000027ff0000,0x00000000280f0000)]
  0x000000001e11e000 JavaThread "pool-11-thread-3" [_thread_blocked, id=5664, stack(0x0000000026cf0000,0x0000000026df0000)]
  0x000000001e124800 JavaThread "pool-11-thread-2" [_thread_blocked, id=32520, stack(0x0000000026bf0000,0x0000000026cf0000)]
  0x000000001e121800 JavaThread "pool-11-thread-1" [_thread_blocked, id=25900, stack(0x0000000026af0000,0x0000000026bf0000)]
  0x000000001f1b0000 JavaThread "File lock request listener" [_thread_in_native, id=23944, stack(0x0000000020c90000,0x0000000020d90000)]
  0x000000001b377000 JavaThread "pool-1-thread-1" [_thread_blocked, id=31920, stack(0x000000001cc20000,0x000000001cd20000)]
  0x000000001a95d800 JavaThread "Incoming local TCP Connector on port 55908" [_thread_in_native, id=31292, stack(0x000000001c320000,0x000000001c420000)]
  0x00000000186fe000 JavaThread "Service Thread" daemon [_thread_blocked, id=31224, stack(0x000000001a410000,0x000000001a510000)]
  0x00000000186fa000 JavaThread "C1 CompilerThread2" daemon [_thread_blocked, id=4652, stack(0x0000000019f10000,0x000000001a010000)]
=>0x00000000186a0800 JavaThread "C2 CompilerThread1" daemon [_thread_in_native, id=30276, stack(0x0000000019e10000,0x0000000019f10000)]
  0x000000001869d800 JavaThread "C2 CompilerThread0" daemon [_thread_blocked, id=32112, stack(0x0000000019d10000,0x0000000019e10000)]
  0x000000001869c000 JavaThread "Attach Listener" daemon [_thread_blocked, id=32580, stack(0x0000000019c10000,0x0000000019d10000)]
  0x000000001869b000 JavaThread "Signal Dispatcher" daemon [_thread_blocked, id=32584, stack(0x0000000019b10000,0x0000000019c10000)]
  0x0000000004d2b000 JavaThread "Finalizer" daemon [_thread_blocked, id=32604, stack(0x0000000019910000,0x0000000019a10000)]
  0x0000000004d20800 JavaThread "Reference Handler" daemon [_thread_blocked, id=32600, stack(0x0000000019810000,0x0000000019910000)]
  0x0000000002ead800 JavaThread "main" [_thread_blocked, id=29928, stack(0x0000000004a80000,0x0000000004b80000)]

Other Threads:
  0x0000000018666000 VMThread [stack: 0x0000000019710000,0x0000000019810000] [id=32588]
  0x000000001a010800 WatcherThread [stack: 0x000000001a510000,0x000000001a610000] [id=26016]

VM state:not at safepoint (normal execution)

VM Mutex/Monitor currently owned by a thread: None

Heap:
 PSYoungGen      total 487936K, used 175517K [0x00000000e0000000, 0x00000000ffe00000, 0x0000000100000000)
  eden space 457728K, 37% used [0x00000000e0000000,0x00000000ea9cdda0,0x00000000fbf00000)
  from space 30208K, 5% used [0x00000000fe080000,0x00000000fe219980,0x00000000ffe00000)
  to   space 32256K, 0% used [0x00000000fbf00000,0x00000000fbf00000,0x00000000fde80000)
 ParOldGen       total 102912K, used 77305K [0x00000000a0000000, 0x00000000a6480000, 0x00000000e0000000)
  object space 102912K, 75% used [0x00000000a0000000,0x00000000a4b7e558,0x00000000a6480000)
 Metaspace       used 68554K, capacity 70886K, committed 71040K, reserved 1112064K
  class space    used 8613K, capacity 9028K, committed 9088K, reserved 1048576K

Card table byte_map: [0x00000000140f0000,0x0000000014400000] byte_map_base: 0x0000000013bf0000

Marking Bits: (ParMarkBitMap*) 0x0000000056a918f0
 Begin Bits: [0x0000000014a00000, 0x0000000016200000)
 End Bits:   [0x0000000016200000, 0x0000000017a00000)

Polling page: 0x0000000002e90000

CodeCache: size=245760Kb used=42070Kb max_used=42070Kb free=203689Kb
 bounds [0x0000000004d30000, 0x0000000007680000, 0x0000000013d30000]
 total_blobs=13323 nmethods=12534 adapters=702
 compilation: enabled

Compilation events (10 events):
Event: 2756.125 Thread 0x00000000186fa000 15695       3       java.lang.ThreadGroup::checkAccess (14 bytes)
Event: 2756.126 Thread 0x00000000186fa000 nmethod 15695 0x000000000767a050 code [0x000000000767a1c0, 0x000000000767a488]
Event: 2756.126 Thread 0x00000000186fa000 15696       3       java.lang.Thread::setPriority (56 bytes)
Event: 2756.126 Thread 0x00000000186fa000 nmethod 15696 0x0000000007679590 code [0x0000000007679740, 0x0000000007679e68]
Event: 2756.127 Thread 0x00000000186fa000 15698       3       java.security.AccessController::getContext (23 bytes)
Event: 2756.127 Thread 0x00000000186fa000 nmethod 15698 0x0000000007678f10 code [0x00000000076790a0, 0x0000000007679418]
Event: 2756.127 Thread 0x00000000186fa000 15699       3       java.security.AccessControlContext::optimize (318 bytes)
Event: 2756.130 Thread 0x00000000186fa000 nmethod 15699 0x000000000767aed0 code [0x000000000767b200, 0x000000000767cb08]
Event: 2756.130 Thread 0x00000000186fa000 15700       3       java.lang.Thread::init (11 bytes)
Event: 2756.131 Thread 0x00000000186fa000 nmethod 15700 0x0000000007678b50 code [0x0000000007678cc0, 0x0000000007678e48]

GC Heap History (10 events):
Event: 362.977 GC heap before
{Heap before GC invocations=21 (full 3):
 PSYoungGen      total 236544K, used 234394K [0x00000000e0000000, 0x00000000f4100000, 0x0000000100000000)
  eden space 217088K, 99% used [0x00000000e0000000,0x00000000ed358fa8,0x00000000ed400000)
  from space 19456K, 92% used [0x00000000ed400000,0x00000000ee58d910,0x00000000ee700000)
  to   space 22016K, 0% used [0x00000000f2b80000,0x00000000f2b80000,0x00000000f4100000)
 ParOldGen       total 102912K, used 30163K [0x00000000a0000000, 0x00000000a6480000, 0x00000000e0000000)
  object space 102912K, 29% used [0x00000000a0000000,0x00000000a1d74ff0,0x00000000a6480000)
 Metaspace       used 62417K, capacity 64510K, committed 64640K, reserved 1105920K
  class space    used 8075K, capacity 8486K, committed 8576K, reserved 1048576K
Event: 363.014 GC heap after
Heap after GC invocations=21 (full 3):
 PSYoungGen      total 306176K, used 64K [0x00000000e0000000, 0x00000000f4d80000, 0x0000000100000000)
  eden space 284160K, 0% used [0x00000000e0000000,0x00000000e0000000,0x00000000f1580000)
  from space 22016K, 0% used [0x00000000f2b80000,0x00000000f2b90000,0x00000000f4100000)
  to   space 22528K, 0% used [0x00000000f1580000,0x00000000f1580000,0x00000000f2b80000)
 ParOldGen       total 102912K, used 46142K [0x00000000a0000000, 0x00000000a6480000, 0x00000000e0000000)
  object space 102912K, 44% used [0x00000000a0000000,0x00000000a2d0fa40,0x00000000a6480000)
 Metaspace       used 62417K, capacity 64510K, committed 64640K, reserved 1105920K
  class space    used 8075K, capacity 8486K, committed 8576K, reserved 1048576K
}
Event: 372.907 GC heap before
{Heap before GC invocations=22 (full 3):
 PSYoungGen      total 306176K, used 284224K [0x00000000e0000000, 0x00000000f4d80000, 0x0000000100000000)
  eden space 284160K, 100% used [0x00000000e0000000,0x00000000f1580000,0x00000000f1580000)
  from space 22016K, 0% used [0x00000000f2b80000,0x00000000f2b90000,0x00000000f4100000)
  to   space 22528K, 0% used [0x00000000f1580000,0x00000000f1580000,0x00000000f2b80000)
 ParOldGen       total 102912K, used 46142K [0x00000000a0000000, 0x00000000a6480000, 0x00000000e0000000)
  object space 102912K, 44% used [0x00000000a0000000,0x00000000a2d0fa40,0x00000000a6480000)
 Metaspace       used 66144K, capacity 68372K, committed 68480K, reserved 1110016K
  class space    used 8403K, capacity 8823K, committed 8832K, reserved 1048576K
Event: 372.977 GC heap after
Heap after GC invocations=22 (full 3):
 PSYoungGen      total 306688K, used 22509K [0x00000000e0000000, 0x00000000fac00000, 0x0000000100000000)
  eden space 284160K, 0% used [0x00000000e0000000,0x00000000e0000000,0x00000000f1580000)
  from space 22528K, 99% used [0x00000000f1580000,0x00000000f2b7b608,0x00000000f2b80000)
  to   space 26624K, 0% used [0x00000000f9200000,0x00000000f9200000,0x00000000fac00000)
 ParOldGen       total 102912K, used 47095K [0x00000000a0000000, 0x00000000a6480000, 0x00000000e0000000)
  object space 102912K, 45% used [0x00000000a0000000,0x00000000a2dfdd50,0x00000000a6480000)
 Metaspace       used 66144K, capacity 68372K, committed 68480K, reserved 1110016K
  class space    used 8403K, capacity 8823K, committed 8832K, reserved 1048576K
}
Event: 375.047 GC heap before
{Heap before GC invocations=23 (full 3):
 PSYoungGen      total 306688K, used 306669K [0x00000000e0000000, 0x00000000fac00000, 0x0000000100000000)
  eden space 284160K, 100% used [0x00000000e0000000,0x00000000f1580000,0x00000000f1580000)
  from space 22528K, 99% used [0x00000000f1580000,0x00000000f2b7b608,0x00000000f2b80000)
  to   space 26624K, 0% used [0x00000000f9200000,0x00000000f9200000,0x00000000fac00000)
 ParOldGen       total 102912K, used 47095K [0x00000000a0000000, 0x00000000a6480000, 0x00000000e0000000)
  object space 102912K, 45% used [0x00000000a0000000,0x00000000a2dfdd50,0x00000000a6480000)
 Metaspace       used 66356K, capacity 68564K, committed 68736K, reserved 1110016K
  class space    used 8406K, capacity 8823K, committed 8832K, reserved 1048576K
Event: 375.175 GC heap after
Heap after GC invocations=23 (full 3):
 PSYoungGen      total 403968K, used 26604K [0x00000000e0000000, 0x00000000fbb00000, 0x0000000100000000)
  eden space 377344K, 0% used [0x00000000e0000000,0x00000000e0000000,0x00000000f7080000)
  from space 26624K, 99% used [0x00000000f9200000,0x00000000fabfb370,0x00000000fac00000)
  to   space 34304K, 0% used [0x00000000f7080000,0x00000000f7080000,0x00000000f9200000)
 ParOldGen       total 102912K, used 56740K [0x00000000a0000000, 0x00000000a6480000, 0x00000000e0000000)
  object space 102912K, 55% used [0x00000000a0000000,0x00000000a3769218,0x00000000a6480000)
 Metaspace       used 66356K, capacity 68564K, committed 68736K, reserved 1110016K
  class space    used 8406K, capacity 8823K, committed 8832K, reserved 1048576K
}
Event: 381.380 GC heap before
{Heap before GC invocations=24 (full 3):
 PSYoungGen      total 403968K, used 403948K [0x00000000e0000000, 0x00000000fbb00000, 0x0000000100000000)
  eden space 377344K, 100% used [0x00000000e0000000,0x00000000f7080000,0x00000000f7080000)
  from space 26624K, 99% used [0x00000000f9200000,0x00000000fabfb370,0x00000000fac00000)
  to   space 34304K, 0% used [0x00000000f7080000,0x00000000f7080000,0x00000000f9200000)
 ParOldGen       total 102912K, used 56740K [0x00000000a0000000, 0x00000000a6480000, 0x00000000e0000000)
  object space 102912K, 55% used [0x00000000a0000000,0x00000000a3769218,0x00000000a6480000)
 Metaspace       used 67558K, capacity 69792K, committed 70016K, reserved 1110016K
  class space    used 8571K, capacity 8993K, committed 9088K, reserved 1048576K
Event: 381.475 GC heap after
Heap after GC invocations=24 (full 3):
 PSYoungGen      total 411648K, used 13092K [0x00000000e0000000, 0x0000000100000000, 0x0000000100000000)
  eden space 377344K, 0% used [0x00000000e0000000,0x00000000e0000000,0x00000000f7080000)
  from space 34304K, 38% used [0x00000000f7080000,0x00000000f7d492f0,0x00000000f9200000)
  to   space 32256K, 0% used [0x00000000fe080000,0x00000000fe080000,0x0000000100000000)
 ParOldGen       total 102912K, used 69085K [0x00000000a0000000, 0x00000000a6480000, 0x00000000e0000000)
  object space 102912K, 67% used [0x00000000a0000000,0x00000000a4377700,0x00000000a6480000)
 Metaspace       used 67558K, capacity 69792K, committed 70016K, reserved 1110016K
  class space    used 8571K, capacity 8993K, committed 9088K, reserved 1048576K
}
Event: 385.971 GC heap before
{Heap before GC invocations=25 (full 3):
 PSYoungGen      total 411648K, used 389901K [0x00000000e0000000, 0x0000000100000000, 0x0000000100000000)
  eden space 377344K, 99% used [0x00000000e0000000,0x00000000f6ffa1b8,0x00000000f7080000)
  from space 34304K, 38% used [0x00000000f7080000,0x00000000f7d492f0,0x00000000f9200000)
  to   space 32256K, 0% used [0x00000000fe080000,0x00000000fe080000,0x0000000100000000)
 ParOldGen       total 102912K, used 69085K [0x00000000a0000000, 0x00000000a6480000, 0x00000000e0000000)
  object space 102912K, 67% used [0x00000000a0000000,0x00000000a4377700,0x00000000a6480000)
 Metaspace       used 67749K, capacity 69956K, committed 70272K, reserved 1110016K
  class space    used 8576K, capacity 8999K, committed 9088K, reserved 1048576K
Event: 386.001 GC heap after
Heap after GC invocations=25 (full 3):
 PSYoungGen      total 487936K, used 1638K [0x00000000e0000000, 0x00000000ffe00000, 0x0000000100000000)
  eden space 457728K, 0% used [0x00000000e0000000,0x00000000e0000000,0x00000000fbf00000)
  from space 30208K, 5% used [0x00000000fe080000,0x00000000fe219980,0x00000000ffe00000)
  to   space 32256K, 0% used [0x00000000fbf00000,0x00000000fbf00000,0x00000000fde80000)
 ParOldGen       total 102912K, used 77305K [0x00000000a0000000, 0x00000000a6480000, 0x00000000e0000000)
  object space 102912K, 75% used [0x00000000a0000000,0x00000000a4b7e558,0x00000000a6480000)
 Metaspace       used 67749K, capacity 69956K, committed 70272K, reserved 1110016K
  class space    used 8576K, capacity 8999K, committed 9088K, reserved 1048576K
}

Deoptimization events (10 events):
Event: 2751.758 Thread 0x000000001d68a800 Uncommon trap: reason=class_check action=maybe_recompile pc=0x0000000005ea5880 method=java.util.Comparator.lambda$comparing$77a9974f$1(Ljava/util/function/Function;Ljava/lang/Object;Ljava/lang/Object;)I @ 2
Event: 2751.758 Thread 0x000000001d68a800 Uncommon trap: reason=class_check action=maybe_recompile pc=0x0000000005ea5880 method=java.util.Comparator.lambda$comparing$77a9974f$1(Ljava/util/function/Function;Ljava/lang/Object;Ljava/lang/Object;)I @ 2
Event: 2751.758 Thread 0x000000001d68a800 Uncommon trap: reason=class_check action=maybe_recompile pc=0x0000000006285c50 method=com.google.common.collect.AbstractMapBasedMultimap.iteratorOrListIterator(Ljava/util/Collection;)Ljava/util/Iterator; @ 1
Event: 2751.783 Thread 0x000000001d68a800 Uncommon trap: reason=class_check action=maybe_recompile pc=0x0000000006285c50 method=com.google.common.collect.AbstractMapBasedMultimap.iteratorOrListIterator(Ljava/util/Collection;)Ljava/util/Iterator; @ 1
Event: 2751.783 Thread 0x000000001d68a800 Uncommon trap: reason=class_check action=maybe_recompile pc=0x000000000594804c method=com.google.common.collect.AbstractMapBasedMultimap$WrappedCollection.refreshIfEmpty()V @ 40
Event: 2753.409 Thread 0x000000001d68a800 Uncommon trap: reason=class_check action=maybe_recompile pc=0x0000000006264ee8 method=com.sun.org.apache.xerces.internal.dom.ParentNode.getChildNodes()Lorg/w3c/dom/NodeList; @ 8
Event: 2753.409 Thread 0x000000001d68a800 Uncommon trap: reason=class_check action=maybe_recompile pc=0x0000000006264ee8 method=com.sun.org.apache.xerces.internal.dom.ParentNode.getChildNodes()Lorg/w3c/dom/NodeList; @ 8
Event: 2753.413 Thread 0x000000001d68a800 Uncommon trap: reason=class_check action=maybe_recompile pc=0x0000000006264ee8 method=com.sun.org.apache.xerces.internal.dom.ParentNode.getChildNodes()Lorg/w3c/dom/NodeList; @ 8
Event: 2753.840 Thread 0x000000001e11c800 Uncommon trap: reason=unstable_if action=reinterpret pc=0x0000000005769158 method=java.math.BigInteger.makePositive([B)[I @ 33
Event: 2754.579 Thread 0x000000001d68a800 Uncommon trap: reason=null_check action=make_not_entrant pc=0x0000000007646d90 method=com.sun.org.apache.xerces.internal.dom.NamedNodeMapImpl.findNamePoint(Ljava/lang/String;Ljava/lang/String;)I @ 105

Internal exceptions (10 events):
Event: 2751.466 Thread 0x000000001d68a800 Exception <a 'sun/nio/fs/WindowsException'> (0x00000000e71873b0) thrown at [C:\src\android\AOSP-openjdk\external\jetbrains\jdk\hotspot\src\share\vm\prims\jni.cpp, line 709]
Event: 2751.466 Thread 0x000000001d68a800 Exception <a 'sun/nio/fs/WindowsException'> (0x00000000e7189f50) thrown at [C:\src\android\AOSP-openjdk\external\jetbrains\jdk\hotspot\src\share\vm\prims\jni.cpp, line 709]
Event: 2751.466 Thread 0x000000001d68a800 Exception <a 'sun/nio/fs/WindowsException'> (0x00000000e718ab38) thrown at [C:\src\android\AOSP-openjdk\external\jetbrains\jdk\hotspot\src\share\vm\prims\jni.cpp, line 709]
Event: 2751.466 Thread 0x000000001d68a800 Exception <a 'sun/nio/fs/WindowsException'> (0x00000000e718c750) thrown at [C:\src\android\AOSP-openjdk\external\jetbrains\jdk\hotspot\src\share\vm\prims\jni.cpp, line 709]
Event: 2751.466 Thread 0x000000001d68a800 Exception <a 'sun/nio/fs/WindowsException'> (0x00000000e718d378) thrown at [C:\src\android\AOSP-openjdk\external\jetbrains\jdk\hotspot\src\share\vm\prims\jni.cpp, line 709]
Event: 2751.467 Thread 0x000000001d68a800 Exception <a 'sun/nio/fs/WindowsException'> (0x00000000e7190128) thrown at [C:\src\android\AOSP-openjdk\external\jetbrains\jdk\hotspot\src\share\vm\prims\jni.cpp, line 709]
Event: 2751.467 Thread 0x000000001d68a800 Exception <a 'sun/nio/fs/WindowsException'> (0x00000000e7190d88) thrown at [C:\src\android\AOSP-openjdk\external\jetbrains\jdk\hotspot\src\share\vm\prims\jni.cpp, line 709]
Event: 2751.467 Thread 0x000000001d68a800 Exception <a 'sun/nio/fs/WindowsException'> (0x00000000e7192a18) thrown at [C:\src\android\AOSP-openjdk\external\jetbrains\jdk\hotspot\src\share\vm\prims\jni.cpp, line 709]
Event: 2751.467 Thread 0x000000001d68a800 Exception <a 'sun/nio/fs/WindowsException'> (0x00000000e71936b8) thrown at [C:\src\android\AOSP-openjdk\external\jetbrains\jdk\hotspot\src\share\vm\prims\jni.cpp, line 709]
Event: 2754.579 Thread 0x000000001d68a800 Implicit null exception at 0x000000000764632f to 0x0000000007646d64

Events (10 events):
Event: 2754.579 Thread 0x000000001d68a800 DEOPT UNPACKING pc=0x0000000004d7556a sp=0x0000000031debc50 mode 2
Event: 2755.197 Thread 0x000000001e11d800 Thread added: 0x000000001e11d800
Event: 2755.199 Thread 0x000000001e119000 Thread added: 0x000000001e119000
Event: 2756.125 Thread 0x000000001e11a800 Thread added: 0x000000001e11a800
Event: 2756.125 Thread 0x000000001e119800 Thread added: 0x000000001e119800
Event: 2756.127 Thread 0x000000001e11c000 Thread added: 0x000000001e11c000
Event: 2756.127 Thread 0x000000001e116800 Thread added: 0x000000001e116800
Event: 2756.134 Thread 0x000000001e11a800 Thread exited: 0x000000001e11a800
Event: 2756.135 Executing VM operation: RevokeBias
Event: 2756.137 Executing VM operation: RevokeBias done


Dynamic libraries:
0x00007ff7c0d50000 - 0x00007ff7c0d81000 	C:\Program Files\Android\Android Studio\jre\bin\java.exe
0x00007ffffb790000 - 0x00007ffffb970000 	C:\WINDOWS\SYSTEM32\ntdll.dll
0x00007ffff8e00000 - 0x00007ffff8eae000 	C:\WINDOWS\System32\KERNEL32.DLL
0x00007ffff89f0000 - 0x00007ffff8c56000 	C:\WINDOWS\System32\KERNELBASE.dll
0x00007ffff8d50000 - 0x00007ffff8df1000 	C:\WINDOWS\System32\ADVAPI32.dll
0x00007ffff9af0000 - 0x00007ffff9b8d000 	C:\WINDOWS\System32\msvcrt.dll
0x00007ffff8c60000 - 0x00007ffff8cbb000 	C:\WINDOWS\System32\sechost.dll
0x00007ffff9df0000 - 0x00007ffff9f0f000 	C:\WINDOWS\System32\RPCRT4.dll
0x00007ffff9b90000 - 0x00007ffff9d1f000 	C:\WINDOWS\System32\USER32.dll
0x00007ffff8600000 - 0x00007ffff8620000 	C:\WINDOWS\System32\win32u.dll
0x00007ffff8d20000 - 0x00007ffff8d48000 	C:\WINDOWS\System32\GDI32.dll
0x00007ffff8620000 - 0x00007ffff87b3000 	C:\WINDOWS\System32\gdi32full.dll
0x00007ffff82e0000 - 0x00007ffff837b000 	C:\WINDOWS\System32\msvcp_win.dll
0x00007ffff8810000 - 0x00007ffff8906000 	C:\WINDOWS\System32\ucrtbase.dll
0x00007fffeb2d0000 - 0x00007fffeb539000 	C:\WINDOWS\WinSxS\amd64_microsoft.windows.common-controls_6595b64144ccf1df_6.0.16299.125_none_15cbcf8893620c09\COMCTL32.dll
0x00007ffff9780000 - 0x00007ffff9a88000 	C:\WINDOWS\System32\combase.dll
0x00007ffff8910000 - 0x00007ffff8982000 	C:\WINDOWS\System32\bcryptPrimitives.dll
0x00007ffff9f90000 - 0x00007ffff9fbd000 	C:\WINDOWS\System32\IMM32.DLL
0x00000000561f0000 - 0x00000000562c2000 	C:\Program Files\Android\Android Studio\jre\jre\bin\msvcr100.dll
0x00000000562d0000 - 0x0000000056b0c000 	C:\Program Files\Android\Android Studio\jre\jre\bin\server\jvm.dll
0x00007ffffb6f0000 - 0x00007ffffb6f8000 	C:\WINDOWS\System32\PSAPI.DLL
0x00007ffff59e0000 - 0x00007ffff59e9000 	C:\WINDOWS\SYSTEM32\WSOCK32.dll
0x00007ffff9f20000 - 0x00007ffff9f8c000 	C:\WINDOWS\System32\WS2_32.dll
0x00007ffff5690000 - 0x00007ffff56b3000 	C:\WINDOWS\SYSTEM32\WINMM.dll
0x00007ffff0000000 - 0x00007ffff000a000 	C:\WINDOWS\SYSTEM32\VERSION.dll
0x00007ffff5510000 - 0x00007ffff553a000 	C:\WINDOWS\SYSTEM32\WINMMBASE.dll
0x00007ffff87c0000 - 0x00007ffff880a000 	C:\WINDOWS\System32\cfgmgr32.dll
0x00007ffff1fc0000 - 0x00007ffff1fcf000 	C:\Program Files\Android\Android Studio\jre\jre\bin\verify.dll
0x00007fffe9ff0000 - 0x00007fffea019000 	C:\Program Files\Android\Android Studio\jre\jre\bin\java.dll
0x00007fffe9f60000 - 0x00007fffe9f76000 	C:\Program Files\Android\Android Studio\jre\jre\bin\zip.dll
0x00007ffffa200000 - 0x00007ffffb636000 	C:\WINDOWS\System32\SHELL32.dll
0x00007ffffb640000 - 0x00007ffffb6e6000 	C:\WINDOWS\System32\shcore.dll
0x00007ffff7b90000 - 0x00007ffff82d7000 	C:\WINDOWS\System32\windows.storage.dll
0x00007ffff9a90000 - 0x00007ffff9ae1000 	C:\WINDOWS\System32\shlwapi.dll
0x00007ffff7ae0000 - 0x00007ffff7af1000 	C:\WINDOWS\System32\kernel.appcore.dll
0x00007ffff7b20000 - 0x00007ffff7b6c000 	C:\WINDOWS\System32\powrprof.dll
0x00007ffff7b00000 - 0x00007ffff7b1b000 	C:\WINDOWS\System32\profapi.dll
0x00007fffe9f40000 - 0x00007fffe9f5a000 	C:\Program Files\Android\Android Studio\jre\jre\bin\net.dll
0x00007ffff7370000 - 0x00007ffff73d6000 	C:\WINDOWS\system32\mswsock.dll
0x00007fffe7510000 - 0x00007fffe7521000 	C:\Program Files\Android\Android Studio\jre\jre\bin\nio.dll
0x00007fffeab20000 - 0x00007fffeab3e000 	C:\Users\Ilshat\.gradle\native\23\windows-amd64\native-platform.dll
0x00007ffff7530000 - 0x00007ffff7547000 	C:\WINDOWS\SYSTEM32\CRYPTSP.dll
0x00007ffff6f80000 - 0x00007ffff6fb3000 	C:\WINDOWS\system32\rsaenh.dll
0x00007ffff7640000 - 0x00007ffff7665000 	C:\WINDOWS\SYSTEM32\bcrypt.dll
0x00007ffff7a10000 - 0x00007ffff7a39000 	C:\WINDOWS\SYSTEM32\USERENV.dll
0x00007ffff7550000 - 0x00007ffff755b000 	C:\WINDOWS\SYSTEM32\CRYPTBASE.dll
0x00007ffff7100000 - 0x00007ffff7139000 	C:\WINDOWS\SYSTEM32\IPHLPAPI.DLL
0x00007ffff94b0000 - 0x00007ffff94b8000 	C:\WINDOWS\System32\NSI.dll
0x00007fffeefd0000 - 0x00007fffeefe6000 	C:\WINDOWS\SYSTEM32\dhcpcsvc6.DLL
0x00007fffef1a0000 - 0x00007fffef1ba000 	C:\WINDOWS\SYSTEM32\dhcpcsvc.DLL
0x00007fffeaf30000 - 0x00007fffeaf3d000 	C:\Program Files\Android\Android Studio\jre\jre\bin\management.dll
0x00007ffff6c20000 - 0x00007ffff6c51000 	C:\WINDOWS\SYSTEM32\ntmarta.dll
0x00007fffe46f0000 - 0x00007fffe4714000 	C:\Program Files\Android\Android Studio\jre\jre\bin\sunec.dll
0x00007fffe9fe0000 - 0x00007fffe9feb000 	C:\Program Files\Android\Android Studio\jre\jre\bin\sunmscapi.dll
0x00007ffff8380000 - 0x00007ffff854e000 	C:\WINDOWS\System32\CRYPT32.dll
0x00007ffff7b70000 - 0x00007ffff7b82000 	C:\WINDOWS\System32\MSASN1.dll

VM Arguments:
jvm_args: -Xmx1536m -Dfile.encoding=windows-1251 -Duser.country=RU -Duser.language=ru -Duser.variant 
java_command: org.gradle.launcher.daemon.bootstrap.GradleDaemon 3.3
java_class_path (initial): C:\Users\Ilshat\.gradle\wrapper\dists\gradle-3.3-all\55gk2rcmfc6p2dg9u9ohc3hw9\gradle-3.3\lib\gradle-launcher-3.3.jar
Launcher Type: SUN_STANDARD

Environment Variables:
JAVA_HOME=C:\Program Files\Java\jdk1.8.0_102
PATH=C:\Program Files (x86)\NVIDIA Corporation\PhysX\Common;C:\ProgramData\Oracle\Java\javapath;C:\Program Files (x86)\python35\Scripts\;C:\Program Files (x86)\python35\;C:\WINDOWS\system32;C:\WINDOWS;C:\WINDOWS\System32\Wbem;C:\WINDOWS\System32\WindowsPowerShell\v1.0\;C:\Program Files (x86)\AMD\ATI.ACE\Core-Static;C:\Program Files (x86)\ATI Technologies\ATI.ACE\Core-Static;C:\Program Files\Microsoft SQL Server\120\Tools\Binn\;C:\Program Files\Java\jdk1.8.0_102\bin;C:\Program Files\Git\cmd;C:\Users\Ilshat\Desktop\sqlite-tools-win32-x86-3180000;C:\Program Files (x86)\Skype\Phone\;C:\mingw4.8.1\bin;C:\Program Files (x86)\GtkSharp\2.12\bin;C:\Program Files\MySQL\MySQL Connector C 6.1;C:\Program Files\JetBrains\IntelliJ IDEA Community Edition 2017.2.6\plugins\maven\lib\maven3\bin;C:\Program Files (x86)\AnonVPN\bin;C:\Users\Ilshat\AppData\Local\Microsoft\WindowsApps;C:\Users\Ilshat\AppData\Local\Programs\MiKTeX 2.9\miktex\bin\x64\
USERNAME=Ilshat
OS=Windows_NT
PROCESSOR_IDENTIFIER=AMD64 Family 21 Model 19 Stepping 1, AuthenticAMD



---------------  S Y S T E M  ---------------

OS: Windows 10.0 , 64 bit Build 16299 (10.0.16299.15)

CPU:total 4 (4 cores per cpu, 1 threads per core) family 21 model 19 stepping 1, cmov, cx8, fxsr, mmx, sse, sse2, sse3, ssse3, sse4.1, sse4.2, popcnt, avx, aes, clmul, mmxext, 3dnowpref, lzcnt, sse4a, tsc, tscinvbit, tscinv, bmi1

Memory: 4k page, physical 7809296k(806328k free), swap 8857872k(5768k free)

vm_info: OpenJDK 64-Bit Server VM (25.112-b06) for windows-amd64 JRE (1.8.0_112-release-b06), built on Dec  8 2016 00:54:26 by "builder" with MS VC++ 10.0 (VS2010)

time: Sun Apr 08 21:53:57 2018
elapsed time: 2757 seconds (0d 0h 45m 57s)

